<component name="libraryTable">
  <library name="junit">
    <CLASSES>
      <root url="jar://$PROJECT_DIR$/../UniversityLibs/junit-4.4/junit-4.4.jar!/" />
    </CLASSES>
    <JAVADOC />
    <SOURCES>
      <root url="jar://$PROJECT_DIR$/../UniversityLibs/junit-4.4/junit-4.4-src.jar!/" />
    </SOURCES>
  </library>
</component>